{
    "query_block": {
      "select_id": 1,
      "cost_info": {
        "query_cost": "263606.94"
      },
      "nested_loop": [
        {
          "table": {
            "table_name": "testing",
            "access_type": "ALL",
            "possible_keys": [
              "Testing_pID_from_paID"
            ],
            "rows_examined_per_scan": 966177,
            "rows_produced_per_join": 322026,
            "filtered": "33.33",
            "cost_info": {
              "read_cost": "66609.77",
              "eval_cost": "32202.68",
              "prefix_cost": "98812.45",
              "data_read_per_join": "36M"
            },
            "used_columns": [
              "Testing_PatientID",
              "Testing_TestID",
              "Testing_Date"
            ],
            "attached_condition": "(`quaratine_camp_db`.`testing`.`Testing_Date` < DATE'2022-01-01')"
          }
        },
        {
          "table": {
            "table_name": "patient",
            "access_type": "eq_ref",
            "possible_keys": [
              "PRIMARY"
            ],
            "key": "PRIMARY",
            "used_key_parts": [
              "Patient_PatientID"
            ],
            "key_length": "36",
            "ref": [
              "quaratine_camp_db.testing.Testing_PatientID"
            ],
            "rows_examined_per_scan": 1,
            "rows_produced_per_join": 32202,
            "filtered": "10.00",
            "cost_info": {
              "read_cost": "132591.81",
              "eval_cost": "3220.27",
              "prefix_cost": "263606.94",
              "data_read_per_join": "161M"
            },
            "used_columns": [
              "Patient_PatientID",
              "Patient_Fullname"
            ],
            "attached_condition": "(`quaratine_camp_db`.`patient`.`Patient_Fullname` = 'Dinh Thi%')"
          }
        }
      ]
    }
  }